Build started 4-1-2015 14:44:43.
     1>Project "C:\Users\Martijn\Desktop\MAGR\geox-solution-assignment-P1\windows\GeoX.vcxproj" on node 2 (Build target(s)).
     1>CustomBuild:
         moc: compiling BasicGLViewer3D.h
         moc: compiling BasicGeoXGLWidget3D.h
         moc: compiling GeoXMainWindow.h
         moc: compiling ClassSelectionDialog.h
         moc: compiling MemberBrowser.h
         moc: compiling MethodBrowser.h
         moc: compiling ObjectBrowserWidget.h
         moc: compiling ObjectCreationDialog.h
         moc: compiling PopupWindow.h
         moc: compiling PropertyBrowser.h
         moc: compiling VerticalScrollView.h
         moc: compiling BooleanElementEditor.h
         moc: compiling ClassTypeClassPropertyEditorWidget.h
         moc: compiling ElementEditor.h
         moc: compiling EmbeddedObjectElementEditor.h
         moc: compiling EnumerationElementEditor.h
         moc: compiling FileNameElementEditor.h
         moc: compiling ObjectElementEditor.h
         moc: compiling ObjectListElementEditor.h
         moc: compiling StringElementEditor.h
         moc: compiling VariableArrayElementEditor.h
         moc: compiling GeoXGLWidget.h
         moc: compiling GeoXGLWidget3D.h
         moc: compiling GLGeometryViewer.h
         moc: compiling GLGeometryViewer3D.h
         moc: compiling LogoViewer.h
         uic: compiling GeoXMainWindowDesigner.ui
         uic: compiling ObjectBrowserWidgetDesigner.ui
         uic: compiling ObjectCreationDialogDesigner.ui
         uic: compiling GLGeometryViewer3D.ui
         uic: compiling GLGeometryViewer.ui
         uic: compiling LogoViewerDesigner.ui
         rcc: compiling geoX.qrc
         uic: compiling BasicGLViewer3D.ui
       ClCompile:
         C:\Program Files (x86)\Microsoft Visual Studio 12.0\VC\bin\CL.exe /c /I"C:\Users\Martijn\Desktop\MAGR\geox-solution-assignment-P1\windows\\" /I"C:\Users\Martijn\Desktop\MAGR\geox-solution-assignment-P1\windows\\.." /I"C:\Users\Martijn\Desktop\MAGR\geox-solution-assignment-P1\windows\\..\application" /I"C:\Users\Martijn\Desktop\MAGR\geox-solution-assignment-P1\windows\\..\experiments" /I"C:\Users\Martijn\Desktop\MAGR\geox-solution-assignment-P1\windows\\..\geoX" /I"C:\Users\Martijn\Desktop\MAGR\geox-solution-assignment-P1\windows\\..\math" /I"C:\Users\Martijn\Desktop\MAGR\geox-solution-assignment-P1\windows\\..\system\basics" /I"C:\Users\Martijn\Desktop\MAGR\geox-solution-assignment-P1\windows\\..\system\gui" /I"C:\Users\Martijn\Desktop\MAGR\geox-solution-assignment-P1\windows\\..\system\misc" /I"C:\Users\Martijn\Desktop\MAGR\geox-solution-assignment-P1\windows\\..\system\properties" /I"C:\Users\Martijn\Desktop\MAGR\geox-solution-assignment-P1\windows\\..\system\streaming" /I"C:\Users\Martijn\Desktop\MAGR\geox-solution-assignment-P1\windows\\..\viewers\cameraControl" /I"C:\Users\Martijn\Desktop\MAGR\geox-solution-assignment-P1\windows\\..\viewers\widgets" /I"C:\Users\Martijn\Desktop\MAGR\geox-solution-assignment-P1\windows\\..\geometry" /ZI /nologo /W3 /WX- /Od /Oy- /D WIN32 /D _DEBUG /D _WINDOWS /D _USE_MATH_DEFINES /D _CRT_SECURE_NO_WARNINGS /D _UNICODE /D UNICODE /Gm /EHa /RTC1 /MDd /GS /fp:precise /Zc:wchar_t /Zc:forScope /Yc"stdafx.h" /Fp"Debug\GeoX.pch" /Fo"Debug\\" /Fd"Debug\vc120.pdb" /Gd /TP /analyze- /errorReport:prompt stdafx.cpp
         stdafx.cpp
         C:\Program Files (x86)\Microsoft Visual Studio 12.0\VC\bin\CL.exe /c /I"C:\Users\Martijn\Desktop\MAGR\geox-solution-assignment-P1\windows\\" /I"C:\Users\Martijn\Desktop\MAGR\geox-solution-assignment-P1\windows\\.." /I"C:\Users\Martijn\Desktop\MAGR\geox-solution-assignment-P1\windows\\..\application" /I"C:\Users\Martijn\Desktop\MAGR\geox-solution-assignment-P1\windows\\..\experiments" /I"C:\Users\Martijn\Desktop\MAGR\geox-solution-assignment-P1\windows\\..\geoX" /I"C:\Users\Martijn\Desktop\MAGR\geox-solution-assignment-P1\windows\\..\math" /I"C:\Users\Martijn\Desktop\MAGR\geox-solution-assignment-P1\windows\\..\system\basics" /I"C:\Users\Martijn\Desktop\MAGR\geox-solution-assignment-P1\windows\\..\system\gui" /I"C:\Users\Martijn\Desktop\MAGR\geox-solution-assignment-P1\windows\\..\system\misc" /I"C:\Users\Martijn\Desktop\MAGR\geox-solution-assignment-P1\windows\\..\system\properties" /I"C:\Users\Martijn\Desktop\MAGR\geox-solution-assignment-P1\windows\\..\system\streaming" /I"C:\Users\Martijn\Desktop\MAGR\geox-solution-assignment-P1\windows\\..\viewers\cameraControl" /I"C:\Users\Martijn\Desktop\MAGR\geox-solution-assignment-P1\windows\\..\viewers\widgets" /I"C:\Users\Martijn\Desktop\MAGR\geox-solution-assignment-P1\windows\\..\geometry" /ZI /nologo /W3 /WX- /Od /Oy- /D WIN32 /D _DEBUG /D _WINDOWS /D _USE_MATH_DEFINES /D _CRT_SECURE_NO_WARNINGS /D _UNICODE /D UNICODE /Gm /EHa /RTC1 /MDd /GS /fp:precise /Zc:wchar_t /Zc:forScope /Yu"stdafx.h" /Fp"Debug\GeoX.pch" /Fo"Debug\\" /Fd"Debug\vc120.pdb" /Gd /TP /analyze- /errorReport:prompt ..\experiments\MeshImporterExperiment.cpp ..\experiments\SimpleGLMeshMaterial.cpp ..\geometry\AttributeAccessToken.cpp ..\geometry\MeshImporterSMFOBJ.cpp ..\geometry\DynamicArrayOfStructures.cpp ..\geometry\PointCloud.cpp ..\geometry\StructureAttribDescriptor.cpp ..\geometry\TriangleMesh.cpp ..\geometry\StructureDescriptor.cpp ..\viewers\widgets\BasicGeoXGLWidget3D.cpp ..\viewers\widgets\BasicGLViewer3D.cpp CopyContext.cpp winmain.cpp ..\geoX\GeoXMainWindow.cpp ..\math\BoundingBox.cpp ..\math\DynamicLinearAlgebra.cpp ..\math\DynamicLinearAlgebraTools.cpp ..\math\Frustum.cpp ..\math\HalfSpace.cpp ..\math\IterativeSolvers.cpp ..\math\LinearAlgebra.cpp ..\math\MarchingCubes3D.cpp ..\math\PolarCoordinates.cpp ..\math\SparseLinearAlgebra.cpp ..\math\ViewFrustum.cpp ..\system\basics\ClassCreator.cpp ..\system\basics\ClassEditor.cpp ..\system\basics\ClassMethods.cpp ..\system\basics\ClassProperty.cpp ..\system\basics\CopyObjectProperties.cpp ..\system\basics\ExceptionHandling.cpp ..\system\basics\HashTables.cpp ..\system\basics\MetaClass.cpp ..\system\basics\Object.cpp ..\system\basics\Persistent.cpp ..\system\gui\ClassSelectionDialog.cpp ..\system\gui\FileDialogs.cpp ..\system\gui\GeneralKey.cpp ..\system\gui\GeoXOutput.cpp ..\system\gui\MemberBrowser.cpp ..\system\gui\MethodBrowser.cpp ..\system\gui\Modifiers.cpp ..\system\gui\ObjectBrowserWidget.cpp ..\system\gui\ObjectCreationDialog.cpp ..\system\gui\ObjectViewsTable.cpp ..\system\gui\PopupWindow.cpp ..\system\gui\PropertyBrowser.cpp ..\system\gui\VerticalScrollView.cpp ..\system\misc\ClassInstanceSet.cpp ..\system\misc\ImageLoader.cpp ..\system\misc\qtHelpers.cpp ..\system\misc\StringHelper.cpp ..\system\misc\Timer.cpp ..\system\misc\Tools.cpp ..\system\properties\BooleanClassProperty.cpp ..\system\properties\BooleanElementEditor.cpp ..\system\properties\BooleanPropertyEditor.cpp ..\system\properties\ClassTypeClassProperty.cpp ..\system\properties\ClassTypeClassPropertyEditorWidget.cpp ..\system\properties\ClassTypePropertyEditor.cpp ..\system\properties\CompoundClassProperty.cpp ..\system\properties\ElementEditor.cpp ..\system\properties\EmbeddedObjectClassProperty.cpp ..\system\properties\EmbeddedObjectClassPropertyEditor.cpp ..\system\properties\EmbeddedObjectElementEditor.cpp ..\system\properties\EnumerationElementEditor.cpp ..\system\properties\EnumerationPropertyEditor.cpp ..\system\properties\FileNameElementEditor.cpp ..\system\properties\FileNamePropertyEditor.cpp ..\system\properties\FixedArrayClassProperty.cpp ..\system\properties\FixedArrayElementEditor.cpp ..\system\properties\FixedArrayPropertyEditor.cpp ..\system\properties\NumericalClassProperty.cpp ..\system\properties\ObjectClassProperty.cpp ..\system\properties\ObjectElementEditor.cpp ..\system\properties\ObjectListBase.cpp ..\system\properties\ObjectListElementEditor.cpp ..\system\properties\ObjectListProperty.cpp ..\system\properties\ObjectListPropertyEditor.cpp ..\system\properties\ObjectPropertyEditor.cpp ..\system\properties\PropertyEditor.cpp ..\system\properties\SeparatorClassProperty.cpp ..\system\properties\SeparatorPropertyEditor.cpp ..\system\properties\SingleClassProperty.cpp ..\system\properties\StringClassProperty.cpp ..\system\properties\StringElementEditor.cpp ..\system\properties\StringPropertyEditor.cpp ..\system\properties\StructClassProperty.cpp ..\system\properties\VariableArrayClassProperty.cpp ..\system\properties\VariableArrayClassPropertyEditor.cpp ..\system\properties\VariableArrayElementEditor.cpp ..\system\streaming\BinaryObjectStreams.cpp ..\system\streaming\LegacyClassNameTranslation.cpp ..\system\streaming\ObjectStreams.cpp ..\system\streaming\StreamClassTable.cpp ..\viewers\cameraControl\Camera.cpp ..\viewers\cameraControl\CameraController.cpp ..\viewers\cameraControl\ExaminerCameraController.cpp ..\viewers\cameraControl\WalkthroughCameraController.cpp ..\viewers\widgets\GeoXGLWidget.cpp ..\viewers\widgets\GeoXGLWidget3D.cpp ..\viewers\widgets\GLGeometryViewer.cpp ..\viewers\widgets\GLGeometryViewer3D.cpp ..\viewers\widgets\LogoViewer.cpp ..\experiments\ExampleExperiment.cpp ..\experiments\ExampleExperiment2DGraphics.cpp ..\experiments\ExampleExperiment3DGraphics.cpp ..\experiments\ExampleExperimentMarchingCubes.cpp ..\experiments\Experiment.cpp ..\InitGeoX.cpp
         InitGeoX.cpp
         Experiment.cpp
         ExampleExperimentMarchingCubes.cpp
         ExampleExperiment3DGraphics.cpp
         ExampleExperiment2DGraphics.cpp
         ExampleExperiment.cpp
         LogoViewer.cpp
         GLGeometryViewer3D.cpp
         GLGeometryViewer.cpp
         GeoXGLWidget3D.cpp
         GeoXGLWidget.cpp
         WalkthroughCameraController.cpp
         ExaminerCameraController.cpp
         CameraController.cpp
         Camera.cpp
         StreamClassTable.cpp
         ObjectStreams.cpp
         LegacyClassNameTranslation.cpp
         BinaryObjectStreams.cpp
         VariableArrayElementEditor.cpp
         Generating Code...
         Compiling...
         VariableArrayClassPropertyEditor.cpp
         VariableArrayClassProperty.cpp
         StructClassProperty.cpp
         StringPropertyEditor.cpp
         StringElementEditor.cpp
         StringClassProperty.cpp
         SingleClassProperty.cpp
         SeparatorPropertyEditor.cpp
         SeparatorClassProperty.cpp
         PropertyEditor.cpp
         ObjectPropertyEditor.cpp
         ObjectListPropertyEditor.cpp
         ObjectListProperty.cpp
         ObjectListElementEditor.cpp
         ObjectListBase.cpp
         ObjectElementEditor.cpp
         ObjectClassProperty.cpp
         NumericalClassProperty.cpp
         FixedArrayPropertyEditor.cpp
         FixedArrayElementEditor.cpp
         Generating Code...
         Compiling...
         FixedArrayClassProperty.cpp
         FileNamePropertyEditor.cpp
         FileNameElementEditor.cpp
         EnumerationPropertyEditor.cpp
         EnumerationElementEditor.cpp
         EmbeddedObjectElementEditor.cpp
         EmbeddedObjectClassPropertyEditor.cpp
         EmbeddedObjectClassProperty.cpp
         ElementEditor.cpp
         CompoundClassProperty.cpp
         ClassTypePropertyEditor.cpp
         ClassTypeClassPropertyEditorWidget.cpp
         ClassTypeClassProperty.cpp
         BooleanPropertyEditor.cpp
         BooleanElementEditor.cpp
         BooleanClassProperty.cpp
         Tools.cpp
         Timer.cpp
         StringHelper.cpp
         qtHelpers.cpp
         Generating Code...
         Compiling...
         ImageLoader.cpp
         ClassInstanceSet.cpp
         VerticalScrollView.cpp
         PropertyBrowser.cpp
         PopupWindow.cpp
         ObjectViewsTable.cpp
         ObjectCreationDialog.cpp
         ObjectBrowserWidget.cpp
         Modifiers.cpp
         MethodBrowser.cpp
         MemberBrowser.cpp
         GeoXOutput.cpp
         GeneralKey.cpp
         FileDialogs.cpp
         ClassSelectionDialog.cpp
         Persistent.cpp
         Object.cpp
         MetaClass.cpp
         HashTables.cpp
         ExceptionHandling.cpp
         Generating Code...
         Compiling...
         CopyObjectProperties.cpp
         ClassProperty.cpp
         ClassMethods.cpp
         ClassEditor.cpp
         ClassCreator.cpp
         ViewFrustum.cpp
         SparseLinearAlgebra.cpp
         PolarCoordinates.cpp
         MarchingCubes3D.cpp
         LinearAlgebra.cpp
         IterativeSolvers.cpp
         HalfSpace.cpp
         Frustum.cpp
         DynamicLinearAlgebraTools.cpp
         DynamicLinearAlgebra.cpp
         BoundingBox.cpp
         GeoXMainWindow.cpp
         winmain.cpp
         CopyContext.cpp
         BasicGLViewer3D.cpp
         Generating Code...
         Compiling...
         BasicGeoXGLWidget3D.cpp
         StructureDescriptor.cpp
         TriangleMesh.cpp
         StructureAttribDescriptor.cpp
         PointCloud.cpp
         DynamicArrayOfStructures.cpp
         MeshImporterSMFOBJ.cpp
         AttributeAccessToken.cpp
         SimpleGLMeshMaterial.cpp
         MeshImporterExperiment.cpp
         Generating Code...
       Link:
         C:\Program Files (x86)\Microsoft Visual Studio 12.0\VC\bin\link.exe /ERRORREPORT:PROMPT /OUT:"C:\Users\Martijn\Desktop\MAGR\geox-solution-assignment-P1\windows\Debug\GeoX.exe" /INCREMENTAL /NOLOGO qt5Cored.lib qt5Guid.lib qt5OpenGLd.lib qtmaind.lib Qt5Widgetsd.lib winmm.lib opengl32.lib glu32.lib kernel32.lib user32.lib gdi32.lib winspool.lib comdlg32.lib advapi32.lib shell32.lib ole32.lib oleaut32.lib uuid.lib odbc32.lib odbccp32.lib /MANIFEST /MANIFESTUAC:"level='asInvoker' uiAccess='false'" /manifest:embed /DEBUG /PDB:"C:\Users\Martijn\Desktop\MAGR\geox-solution-assignment-P1\windows\Debug\GeoX.pdb" /SUBSYSTEM:WINDOWS /TLBID:1 /DYNAMICBASE /NXCOMPAT /IMPLIB:"C:\Users\Martijn\Desktop\MAGR\geox-solution-assignment-P1\windows\Debug\GeoX.lib" /MACHINE:X86 /SAFESEH Debug\MeshImporterExperiment.obj
         Debug\SimpleGLMeshMaterial.obj
         Debug\AttributeAccessToken.obj
         Debug\MeshImporterSMFOBJ.obj
         Debug\DynamicArrayOfStructures.obj
         Debug\PointCloud.obj
         Debug\StructureAttribDescriptor.obj
         Debug\TriangleMesh.obj
         Debug\StructureDescriptor.obj
         Debug\BasicGeoXGLWidget3D.obj
         Debug\BasicGLViewer3D.obj
         Debug\CopyContext.obj
         Debug\stdafx.obj
         Debug\winmain.obj
         Debug\GeoXMainWindow.obj
         Debug\BoundingBox.obj
         Debug\DynamicLinearAlgebra.obj
         Debug\DynamicLinearAlgebraTools.obj
         Debug\Frustum.obj
         Debug\HalfSpace.obj
         Debug\IterativeSolvers.obj
         Debug\LinearAlgebra.obj
         Debug\MarchingCubes3D.obj
         Debug\PolarCoordinates.obj
         Debug\SparseLinearAlgebra.obj
         Debug\ViewFrustum.obj
         Debug\ClassCreator.obj
         Debug\ClassEditor.obj
         Debug\ClassMethods.obj
         Debug\ClassProperty.obj
         Debug\CopyObjectProperties.obj
         Debug\ExceptionHandling.obj
         Debug\HashTables.obj
         Debug\MetaClass.obj
         Debug\Object.obj
         Debug\Persistent.obj
         Debug\ClassSelectionDialog.obj
         Debug\FileDialogs.obj
         Debug\GeneralKey.obj
         Debug\GeoXOutput.obj
         Debug\MemberBrowser.obj
         Debug\MethodBrowser.obj
         Debug\Modifiers.obj
         Debug\ObjectBrowserWidget.obj
         Debug\ObjectCreationDialog.obj
         Debug\ObjectViewsTable.obj
         Debug\PopupWindow.obj
         Debug\PropertyBrowser.obj
         Debug\VerticalScrollView.obj
         Debug\ClassInstanceSet.obj
         Debug\ImageLoader.obj
         Debug\qtHelpers.obj
         Debug\StringHelper.obj
         Debug\Timer.obj
         Debug\Tools.obj
         Debug\BooleanClassProperty.obj
         Debug\BooleanElementEditor.obj
         Debug\BooleanPropertyEditor.obj
         Debug\ClassTypeClassProperty.obj
         Debug\ClassTypeClassPropertyEditorWidget.obj
         Debug\ClassTypePropertyEditor.obj
         Debug\CompoundClassProperty.obj
         Debug\ElementEditor.obj
         Debug\EmbeddedObjectClassProperty.obj
         Debug\EmbeddedObjectClassPropertyEditor.obj
         Debug\EmbeddedObjectElementEditor.obj
         Debug\EnumerationElementEditor.obj
         Debug\EnumerationPropertyEditor.obj
         Debug\FileNameElementEditor.obj
         Debug\FileNamePropertyEditor.obj
         Debug\FixedArrayClassProperty.obj
         Debug\FixedArrayElementEditor.obj
         Debug\FixedArrayPropertyEditor.obj
         Debug\NumericalClassProperty.obj
         Debug\ObjectClassProperty.obj
         Debug\ObjectElementEditor.obj
         Debug\ObjectListBase.obj
         Debug\ObjectListElementEditor.obj
         Debug\ObjectListProperty.obj
         Debug\ObjectListPropertyEditor.obj
         Debug\ObjectPropertyEditor.obj
         Debug\PropertyEditor.obj
         Debug\SeparatorClassProperty.obj
         Debug\SeparatorPropertyEditor.obj
         Debug\SingleClassProperty.obj
         Debug\StringClassProperty.obj
         Debug\StringElementEditor.obj
         Debug\StringPropertyEditor.obj
         Debug\StructClassProperty.obj
         Debug\VariableArrayClassProperty.obj
         Debug\VariableArrayClassPropertyEditor.obj
         Debug\VariableArrayElementEditor.obj
         Debug\BinaryObjectStreams.obj
         Debug\LegacyClassNameTranslation.obj
         Debug\ObjectStreams.obj
         Debug\StreamClassTable.obj
         Debug\Camera.obj
         Debug\CameraController.obj
         Debug\ExaminerCameraController.obj
         Debug\WalkthroughCameraController.obj
         Debug\GeoXGLWidget.obj
         Debug\GeoXGLWidget3D.obj
         Debug\GLGeometryViewer.obj
         Debug\GLGeometryViewer3D.obj
         Debug\LogoViewer.obj
         Debug\ExampleExperiment.obj
         Debug\ExampleExperiment2DGraphics.obj
         Debug\ExampleExperiment3DGraphics.obj
         Debug\ExampleExperimentMarchingCubes.obj
         Debug\Experiment.obj
         Debug\InitGeoX.obj
     1>MeshImporterExperiment.obj : warning LNK4075: ignoring '/EDITANDCONTINUE' due to '/SAFESEH' specification
         GeoX.vcxproj -> C:\Users\Martijn\Desktop\MAGR\geox-solution-assignment-P1\windows\Debug\GeoX.exe
     1>Done Building Project "C:\Users\Martijn\Desktop\MAGR\geox-solution-assignment-P1\windows\GeoX.vcxproj" (Build target(s)).

Build succeeded.

Time Elapsed 00:00:22.32
