c:\users\milobu\documenten\studie\c++\magr\geox-solution-assignment-p1\windows\debug\vc120.pdb
c:\users\milobu\documenten\studie\c++\magr\geox-solution-assignment-p1\windows\debug\vc120.idb
c:\users\milobu\documenten\studie\c++\magr\geox-solution-assignment-p1\viewers\widgets\moc\basicglviewer3d_moc.cpp
c:\users\milobu\documenten\studie\c++\magr\geox-solution-assignment-p1\viewers\widgets\moc\basicgeoxglwidget3d_moc.cpp
c:\users\milobu\documenten\studie\c++\magr\geox-solution-assignment-p1\geox\moc\geoxmainwindow_moc.cpp
c:\users\milobu\documenten\studie\c++\magr\geox-solution-assignment-p1\system\gui\moc\classselectiondialog_moc.cpp
c:\users\milobu\documenten\studie\c++\magr\geox-solution-assignment-p1\system\gui\moc\memberbrowser_moc.cpp
c:\users\milobu\documenten\studie\c++\magr\geox-solution-assignment-p1\system\gui\moc\methodbrowser_moc.cpp
c:\users\milobu\documenten\studie\c++\magr\geox-solution-assignment-p1\system\gui\moc\objectbrowserwidget_moc.cpp
c:\users\milobu\documenten\studie\c++\magr\geox-solution-assignment-p1\system\gui\moc\objectcreationdialog_moc.cpp
c:\users\milobu\documenten\studie\c++\magr\geox-solution-assignment-p1\system\gui\moc\popupwindow_moc.cpp
c:\users\milobu\documenten\studie\c++\magr\geox-solution-assignment-p1\system\gui\moc\propertybrowser_moc.cpp
c:\users\milobu\documenten\studie\c++\magr\geox-solution-assignment-p1\system\gui\moc\verticalscrollview_moc.cpp
c:\users\milobu\documenten\studie\c++\magr\geox-solution-assignment-p1\system\properties\moc\booleanelementeditor_moc.cpp
c:\users\milobu\documenten\studie\c++\magr\geox-solution-assignment-p1\system\properties\moc\classtypeclasspropertyeditorwidget_moc.cpp
c:\users\milobu\documenten\studie\c++\magr\geox-solution-assignment-p1\system\properties\moc\elementeditor_moc.cpp
c:\users\milobu\documenten\studie\c++\magr\geox-solution-assignment-p1\system\properties\moc\embeddedobjectelementeditor_moc.cpp
c:\users\milobu\documenten\studie\c++\magr\geox-solution-assignment-p1\system\properties\moc\enumerationelementeditor_moc.cpp
c:\users\milobu\documenten\studie\c++\magr\geox-solution-assignment-p1\system\properties\moc\filenameelementeditor_moc.cpp
c:\users\milobu\documenten\studie\c++\magr\geox-solution-assignment-p1\system\properties\moc\objectelementeditor_moc.cpp
c:\users\milobu\documenten\studie\c++\magr\geox-solution-assignment-p1\system\properties\moc\objectlistelementeditor_moc.cpp
c:\users\milobu\documenten\studie\c++\magr\geox-solution-assignment-p1\system\properties\moc\stringelementeditor_moc.cpp
c:\users\milobu\documenten\studie\c++\magr\geox-solution-assignment-p1\system\properties\moc\variablearrayelementeditor_moc.cpp
c:\users\milobu\documenten\studie\c++\magr\geox-solution-assignment-p1\viewers\widgets\moc\geoxglwidget_moc.cpp
c:\users\milobu\documenten\studie\c++\magr\geox-solution-assignment-p1\viewers\widgets\moc\geoxglwidget3d_moc.cpp
c:\users\milobu\documenten\studie\c++\magr\geox-solution-assignment-p1\viewers\widgets\moc\glgeometryviewer_moc.cpp
c:\users\milobu\documenten\studie\c++\magr\geox-solution-assignment-p1\viewers\widgets\moc\glgeometryviewer3d_moc.cpp
c:\users\milobu\documenten\studie\c++\magr\geox-solution-assignment-p1\viewers\widgets\moc\logoviewer_moc.cpp
c:\users\milobu\documenten\studie\c++\magr\geox-solution-assignment-p1\geox\ui_geoxmainwindowdesigner.h
c:\users\milobu\documenten\studie\c++\magr\geox-solution-assignment-p1\system\gui\ui_objectbrowserwidgetdesigner.h
c:\users\milobu\documenten\studie\c++\magr\geox-solution-assignment-p1\system\gui\ui_objectcreationdialogdesigner.h
c:\users\milobu\documenten\studie\c++\magr\geox-solution-assignment-p1\viewers\widgets\moc\ui_glgeometryviewer3d.h
c:\users\milobu\documenten\studie\c++\magr\geox-solution-assignment-p1\viewers\widgets\moc\ui_glgeometryviewer.h
c:\users\milobu\documenten\studie\c++\magr\geox-solution-assignment-p1\viewers\widgets\ui_logoviewerdesigner.h
c:\users\milobu\documenten\studie\c++\magr\geox-solution-assignment-p1\images\moc\geox_rcc.h
c:\users\milobu\documenten\studie\c++\magr\geox-solution-assignment-p1\viewers\widgets\moc\ui_basicglviewer3d.h
c:\users\milobu\documenten\studie\c++\magr\geox-solution-assignment-p1\windows\debug\geox.tlog\cl.command.1.tlog
c:\users\milobu\documenten\studie\c++\magr\geox-solution-assignment-p1\windows\debug\geox.tlog\cl.read.1.tlog
c:\users\milobu\documenten\studie\c++\magr\geox-solution-assignment-p1\windows\debug\geox.tlog\cl.write.1.tlog
c:\users\milobu\documenten\studie\c++\magr\geox-solution-assignment-p1\windows\debug\geox.tlog\custombuild.command.1.tlog
c:\users\milobu\documenten\studie\c++\magr\geox-solution-assignment-p1\windows\debug\geox.tlog\custombuild.read.1.tlog
c:\users\milobu\documenten\studie\c++\magr\geox-solution-assignment-p1\windows\debug\geox.tlog\custombuild.write.1.tlog
